{"name":"Log","hostname":"PHNX","pid":62064,"level":30,"msg":"Ghost is running in development...","time":"2021-08-04T08:08:28.585Z","v":0}
{"name":"Log","hostname":"PHNX","pid":62064,"level":30,"msg":"Listening on: 127.0.0.1:2368","time":"2021-08-04T08:08:28.586Z","v":0}
{"name":"Log","hostname":"PHNX","pid":62064,"level":30,"msg":"Url configured as: http://localhost:2368/","time":"2021-08-04T08:08:28.587Z","v":0}
{"name":"Log","hostname":"PHNX","pid":62064,"level":30,"msg":"Ctrl+C to shut down","time":"2021-08-04T08:08:28.587Z","v":0}
{"name":"Log","hostname":"PHNX","pid":62064,"level":30,"msg":"Ghost server started in 0.622s","time":"2021-08-04T08:08:28.590Z","v":0}
{"name":"Log","hostname":"PHNX","pid":62064,"level":40,"msg":"Database state requires initialisation.","time":"2021-08-04T08:08:29.257Z","v":0}
{"name":"Log","hostname":"PHNX","pid":62064,"level":30,"msg":"Creating table: posts","time":"2021-08-04T08:08:30.347Z","v":0}
{"name":"Log","hostname":"PHNX","pid":62064,"level":30,"msg":"Creating table: posts_meta","time":"2021-08-04T08:08:30.366Z","v":0}
{"name":"Log","hostname":"PHNX","pid":62064,"level":30,"msg":"Creating table: users","time":"2021-08-04T08:08:30.389Z","v":0}
{"name":"Log","hostname":"PHNX","pid":62064,"level":30,"msg":"Creating table: oauth","time":"2021-08-04T08:08:30.417Z","v":0}
{"name":"Log","hostname":"PHNX","pid":62064,"level":30,"msg":"Creating table: posts_authors","time":"2021-08-04T08:08:30.428Z","v":0}
{"name":"Log","hostname":"PHNX","pid":62064,"level":30,"msg":"Creating table: roles","time":"2021-08-04T08:08:30.442Z","v":0}
{"name":"Log","hostname":"PHNX","pid":62064,"level":30,"msg":"Creating table: roles_users","time":"2021-08-04T08:08:30.475Z","v":0}
{"name":"Log","hostname":"PHNX","pid":62064,"level":30,"msg":"Creating table: permissions","time":"2021-08-04T08:08:30.493Z","v":0}
{"name":"Log","hostname":"PHNX","pid":62064,"level":30,"msg":"Creating table: permissions_users","time":"2021-08-04T08:08:30.534Z","v":0}
{"name":"Log","hostname":"PHNX","pid":62064,"level":30,"msg":"Creating table: permissions_roles","time":"2021-08-04T08:08:30.559Z","v":0}
{"name":"Log","hostname":"PHNX","pid":62064,"level":30,"msg":"Creating table: settings","time":"2021-08-04T08:08:30.586Z","v":0}
{"name":"Log","hostname":"PHNX","pid":62064,"level":30,"msg":"Creating table: tags","time":"2021-08-04T08:08:30.634Z","v":0}
{"name":"Log","hostname":"PHNX","pid":62064,"level":30,"msg":"Creating table: posts_tags","time":"2021-08-04T08:08:30.694Z","v":0}
{"name":"Log","hostname":"PHNX","pid":62064,"level":30,"msg":"Creating table: invites","time":"2021-08-04T08:08:30.721Z","v":0}
{"name":"Log","hostname":"PHNX","pid":62064,"level":30,"msg":"Creating table: brute","time":"2021-08-04T08:08:30.769Z","v":0}
{"name":"Log","hostname":"PHNX","pid":62064,"level":30,"msg":"Creating table: sessions","time":"2021-08-04T08:08:30.787Z","v":0}
{"name":"Log","hostname":"PHNX","pid":62064,"level":30,"msg":"Creating table: integrations","time":"2021-08-04T08:08:30.811Z","v":0}
{"name":"Log","hostname":"PHNX","pid":62064,"level":30,"msg":"Creating table: webhooks","time":"2021-08-04T08:08:30.830Z","v":0}
{"name":"Log","hostname":"PHNX","pid":62064,"level":30,"msg":"Creating table: api_keys","time":"2021-08-04T08:08:30.841Z","v":0}
{"name":"Log","hostname":"PHNX","pid":62064,"level":30,"msg":"Creating table: mobiledoc_revisions","time":"2021-08-04T08:08:30.860Z","v":0}
{"name":"Log","hostname":"PHNX","pid":62064,"level":30,"msg":"Creating table: members","time":"2021-08-04T08:08:30.880Z","v":0}
{"name":"Log","hostname":"PHNX","pid":62064,"level":30,"msg":"Creating table: products","time":"2021-08-04T08:08:30.917Z","v":0}
{"name":"Log","hostname":"PHNX","pid":62064,"level":30,"msg":"Creating table: benefits","time":"2021-08-04T08:08:30.937Z","v":0}
{"name":"Log","hostname":"PHNX","pid":62064,"level":30,"msg":"Creating table: products_benefits","time":"2021-08-04T08:08:30.957Z","v":0}
{"name":"Log","hostname":"PHNX","pid":62064,"level":30,"msg":"Creating table: members_products","time":"2021-08-04T08:08:30.973Z","v":0}
{"name":"Log","hostname":"PHNX","pid":62064,"level":30,"msg":"Creating table: members_payment_events","time":"2021-08-04T08:08:30.984Z","v":0}
{"name":"Log","hostname":"PHNX","pid":62064,"level":30,"msg":"Creating table: members_login_events","time":"2021-08-04T08:08:30.995Z","v":0}
{"name":"Log","hostname":"PHNX","pid":62064,"level":30,"msg":"Creating table: members_email_change_events","time":"2021-08-04T08:08:31.010Z","v":0}
{"name":"Log","hostname":"PHNX","pid":62064,"level":30,"msg":"Creating table: members_status_events","time":"2021-08-04T08:08:31.020Z","v":0}
{"name":"Log","hostname":"PHNX","pid":62064,"level":30,"msg":"Creating table: members_paid_subscription_events","time":"2021-08-04T08:08:31.032Z","v":0}
{"name":"Log","hostname":"PHNX","pid":62064,"level":30,"msg":"Creating table: labels","time":"2021-08-04T08:08:31.042Z","v":0}
{"name":"Log","hostname":"PHNX","pid":62064,"level":30,"msg":"Creating table: members_labels","time":"2021-08-04T08:08:31.069Z","v":0}
{"name":"Log","hostname":"PHNX","pid":62064,"level":30,"msg":"Creating table: members_stripe_customers","time":"2021-08-04T08:08:31.080Z","v":0}
{"name":"Log","hostname":"PHNX","pid":62064,"level":30,"msg":"Creating table: members_stripe_customers_subscriptions","time":"2021-08-04T08:08:31.110Z","v":0}
{"name":"Log","hostname":"PHNX","pid":62064,"level":30,"msg":"Creating table: members_subscribe_events","time":"2021-08-04T08:08:31.156Z","v":0}
{"name":"Log","hostname":"PHNX","pid":62064,"level":30,"msg":"Creating table: stripe_products","time":"2021-08-04T08:08:31.172Z","v":0}
{"name":"Log","hostname":"PHNX","pid":62064,"level":30,"msg":"Creating table: stripe_prices","time":"2021-08-04T08:08:31.191Z","v":0}
{"name":"Log","hostname":"PHNX","pid":62064,"level":30,"msg":"Creating table: actions","time":"2021-08-04T08:08:31.212Z","v":0}
{"name":"Log","hostname":"PHNX","pid":62064,"level":30,"msg":"Creating table: emails","time":"2021-08-04T08:08:31.222Z","v":0}
{"name":"Log","hostname":"PHNX","pid":62064,"level":30,"msg":"Creating table: email_batches","time":"2021-08-04T08:08:31.250Z","v":0}
{"name":"Log","hostname":"PHNX","pid":62064,"level":30,"msg":"Creating table: email_recipients","time":"2021-08-04T08:08:31.266Z","v":0}
{"name":"Log","hostname":"PHNX","pid":62064,"level":30,"msg":"Creating table: tokens","time":"2021-08-04T08:08:31.329Z","v":0}
{"name":"Log","hostname":"PHNX","pid":62064,"level":30,"msg":"Creating table: snippets","time":"2021-08-04T08:08:31.352Z","v":0}
{"name":"Log","hostname":"PHNX","pid":62064,"level":30,"msg":"Model: Product","time":"2021-08-04T08:08:31.387Z","v":0}
{"name":"Log","hostname":"PHNX","pid":62064,"level":30,"msg":"Model: Tag","time":"2021-08-04T08:08:31.408Z","v":0}
{"name":"Log","hostname":"PHNX","pid":62064,"level":30,"msg":"Model: Role","time":"2021-08-04T08:08:31.414Z","v":0}
{"name":"Log","hostname":"PHNX","pid":62064,"level":30,"msg":"Model: Permission","time":"2021-08-04T08:08:31.431Z","v":0}
{"name":"Log","hostname":"PHNX","pid":62064,"level":30,"msg":"Model: User","time":"2021-08-04T08:08:31.596Z","v":0}
{"name":"Log","hostname":"PHNX","pid":62064,"level":30,"msg":"Model: Post","time":"2021-08-04T08:08:31.973Z","v":0}
{"name":"Log","hostname":"PHNX","pid":62064,"level":30,"msg":"Model: Integration","time":"2021-08-04T08:08:32.488Z","v":0}
{"name":"Log","hostname":"PHNX","pid":62064,"level":30,"msg":"Relation: Role to Permission","time":"2021-08-04T08:08:32.511Z","v":0}
{"name":"Log","hostname":"PHNX","pid":62064,"level":30,"msg":"Relation: Post to Tag","time":"2021-08-04T08:08:32.700Z","v":0}
{"name":"Log","hostname":"PHNX","pid":62064,"level":30,"msg":"Relation: User to Role","time":"2021-08-04T08:08:32.729Z","v":0}
{"name":"Log","hostname":"PHNX","pid":62064,"level":30,"msg":"Database is in a ready state.","time":"2021-08-04T08:08:32.907Z","v":0}
{"name":"Log","hostname":"PHNX","pid":62064,"level":30,"msg":"Ghost database ready in 4.939s","time":"2021-08-04T08:08:32.907Z","v":0}
{"name":"Log","hostname":"PHNX","pid":62064,"level":30,"msg":"Ghost booted in 9.569s","time":"2021-08-04T08:08:37.537Z","v":0}
{"name":"Log","hostname":"PHNX","pid":62064,"level":30,"msg":"Adding offloaded job to the queue","time":"2021-08-04T08:08:37.544Z","v":0}
{"name":"Log","hostname":"PHNX","pid":62064,"level":30,"msg":"Scheduling job update-check at 31 31 23 * * *. Next run on: Wed Aug 04 2021 23:31:31 GMT-0400 (Eastern Daylight Time)","time":"2021-08-04T08:08:37.556Z","v":0}
